[INFO] Scanning for projects...
[INFO] 
[INFO] ----------------------< com.example:auth-course >-----------------------
[INFO] Building auth-course 0.0.1-SNAPSHOT
[INFO] --------------------------------[ war ]---------------------------------
[INFO] 
[INFO] --- maven-clean-plugin:3.1.0:clean (default-clean) @ auth-course ---
[INFO] Deleting /Users/houssemzaier/.jenkins/workspace/projetct_eCommerce/starter_code/target
[INFO] 
[INFO] --- maven-resources-plugin:3.1.0:resources (default-resources) @ auth-course ---
[INFO] Using 'UTF-8' encoding to copy filtered resources.
[INFO] Copying 1 resource
[INFO] Copying 3 resources
[INFO] 
[INFO] --- maven-compiler-plugin:3.8.1:compile (default-compile) @ auth-course ---
[INFO] Changes detected - recompiling the module!
[INFO] Compiling 20 source files to /Users/houssemzaier/.jenkins/workspace/projetct_eCommerce/starter_code/target/classes
[INFO] 
[INFO] --- maven-resources-plugin:3.1.0:testResources (default-testResources) @ auth-course ---
[INFO] Using 'UTF-8' encoding to copy filtered resources.
[INFO] skip non existing resourceDirectory /Users/houssemzaier/.jenkins/workspace/projetct_eCommerce/starter_code/src/test/resources
[INFO] 
[INFO] --- maven-compiler-plugin:3.8.1:testCompile (default-testCompile) @ auth-course ---
[INFO] Changes detected - recompiling the module!
[INFO] Compiling 6 source files to /Users/houssemzaier/.jenkins/workspace/projetct_eCommerce/starter_code/target/test-classes
[INFO] /Users/houssemzaier/.jenkins/workspace/projetct_eCommerce/starter_code/src/test/java/com/example/demo/controllers/OrderControllerTest.java: /Users/houssemzaier/.jenkins/workspace/projetct_eCommerce/starter_code/src/test/java/com/example/demo/controllers/OrderControllerTest.java uses or overrides a deprecated API.
[INFO] /Users/houssemzaier/.jenkins/workspace/projetct_eCommerce/starter_code/src/test/java/com/example/demo/controllers/OrderControllerTest.java: Recompile with -Xlint:deprecation for details.
[INFO] 
[INFO] --- maven-surefire-plugin:2.22.2:test (default-test) @ auth-course ---
Downloading from central: https://repo.maven.apache.org/maven2/org/apache/maven/surefire/surefire-junit4/2.22.2/surefire-junit4-2.22.2.pom
Downloaded from central: https://repo.maven.apache.org/maven2/org/apache/maven/surefire/surefire-junit4/2.22.2/surefire-junit4-2.22.2.pom (3.1 kB at 11 kB/s)
Downloading from central: https://repo.maven.apache.org/maven2/org/apache/maven/surefire/surefire-junit4/2.22.2/surefire-junit4-2.22.2.jar
Downloaded from central: https://repo.maven.apache.org/maven2/org/apache/maven/surefire/surefire-junit4/2.22.2/surefire-junit4-2.22.2.jar (85 kB at 1.8 MB/s)
[INFO] 
[INFO] -------------------------------------------------------
[INFO]  T E S T S
[INFO] -------------------------------------------------------
[INFO] Running com.example.demo.SareetaApplicationTests
SLF4J: Class path contains multiple SLF4J bindings.
SLF4J: Found binding in [jar:file:/Users/houssemzaier/.m2/repository/ch/qos/logback/logback-classic/1.2.3/logback-classic-1.2.3.jar!/org/slf4j/impl/StaticLoggerBinder.class]
SLF4J: Found binding in [jar:file:/Users/houssemzaier/.m2/repository/org/apache/logging/log4j/log4j-slf4j-impl/2.11.2/log4j-slf4j-impl-2.11.2.jar!/org/slf4j/impl/StaticLoggerBinder.class]
SLF4J: Found binding in [jar:file:/Users/houssemzaier/.m2/repository/org/slf4j/slf4j-log4j12/1.7.25/slf4j-log4j12-1.7.25.jar!/org/slf4j/impl/StaticLoggerBinder.class]
SLF4J: See http://www.slf4j.org/codes.html#multiple_bindings for an explanation.
SLF4J: Actual binding is of type [ch.qos.logback.classic.util.ContextSelectorStaticBinder]
13:32:07.410 [main] DEBUG org.springframework.test.context.junit4.SpringJUnit4ClassRunner - SpringJUnit4ClassRunner constructor called with [class com.example.demo.SareetaApplicationTests]
13:32:07.416 [main] DEBUG org.springframework.test.context.BootstrapUtils - Instantiating CacheAwareContextLoaderDelegate from class [org.springframework.test.context.cache.DefaultCacheAwareContextLoaderDelegate]
13:32:07.429 [main] DEBUG org.springframework.test.context.BootstrapUtils - Instantiating BootstrapContext using constructor [public org.springframework.test.context.support.DefaultBootstrapContext(java.lang.Class,org.springframework.test.context.CacheAwareContextLoaderDelegate)]
13:32:07.451 [main] DEBUG org.springframework.test.context.BootstrapUtils - Instantiating TestContextBootstrapper for test class [com.example.demo.SareetaApplicationTests] from class [org.springframework.boot.test.context.SpringBootTestContextBootstrapper]
13:32:07.470 [main] INFO org.springframework.boot.test.context.SpringBootTestContextBootstrapper - Neither @ContextConfiguration nor @ContextHierarchy found for test class [com.example.demo.SareetaApplicationTests], using SpringBootContextLoader
13:32:07.475 [main] DEBUG org.springframework.test.context.support.AbstractContextLoader - Did not detect default resource location for test class [com.example.demo.SareetaApplicationTests]: class path resource [com/example/demo/SareetaApplicationTests-context.xml] does not exist
13:32:07.476 [main] DEBUG org.springframework.test.context.support.AbstractContextLoader - Did not detect default resource location for test class [com.example.demo.SareetaApplicationTests]: class path resource [com/example/demo/SareetaApplicationTestsContext.groovy] does not exist
13:32:07.476 [main] INFO org.springframework.test.context.support.AbstractContextLoader - Could not detect default resource locations for test class [com.example.demo.SareetaApplicationTests]: no resource found for suffixes {-context.xml, Context.groovy}.
13:32:07.477 [main] INFO org.springframework.test.context.support.AnnotationConfigContextLoaderUtils - Could not detect default configuration classes for test class [com.example.demo.SareetaApplicationTests]: SareetaApplicationTests does not declare any static, non-private, non-final, nested classes annotated with @Configuration.
13:32:07.525 [main] DEBUG org.springframework.test.context.support.ActiveProfilesUtils - Could not find an 'annotation declaring class' for annotation type [org.springframework.test.context.ActiveProfiles] and class [com.example.demo.SareetaApplicationTests]
13:32:07.645 [main] DEBUG org.springframework.context.annotation.ClassPathScanningCandidateComponentProvider - Identified candidate component class: file [/Users/houssemzaier/.jenkins/workspace/projetct_eCommerce/starter_code/target/classes/com/example/demo/SareetaApplication.class]
13:32:07.646 [main] INFO org.springframework.boot.test.context.SpringBootTestContextBootstrapper - Found @SpringBootConfiguration com.example.demo.SareetaApplication for test class com.example.demo.SareetaApplicationTests
13:32:07.772 [main] DEBUG org.springframework.boot.test.context.SpringBootTestContextBootstrapper - @TestExecutionListeners is not present for class [com.example.demo.SareetaApplicationTests]: using defaults.
13:32:07.772 [main] INFO org.springframework.boot.test.context.SpringBootTestContextBootstrapper - Loaded default TestExecutionListener class names from location [META-INF/spring.factories]: [org.springframework.boot.test.mock.mockito.MockitoTestExecutionListener, org.springframework.boot.test.mock.mockito.ResetMocksTestExecutionListener, org.springframework.boot.test.autoconfigure.restdocs.RestDocsTestExecutionListener, org.springframework.boot.test.autoconfigure.web.client.MockRestServiceServerResetTestExecutionListener, org.springframework.boot.test.autoconfigure.web.servlet.MockMvcPrintOnlyOnFailureTestExecutionListener, org.springframework.boot.test.autoconfigure.web.servlet.WebDriverTestExecutionListener, org.springframework.test.context.web.ServletTestExecutionListener, org.springframework.test.context.support.DirtiesContextBeforeModesTestExecutionListener, org.springframework.test.context.support.DependencyInjectionTestExecutionListener, org.springframework.test.context.support.DirtiesContextTestExecutionListener, org.springframework.test.context.transaction.TransactionalTestExecutionListener, org.springframework.test.context.jdbc.SqlScriptsTestExecutionListener, org.springframework.security.test.context.support.WithSecurityContextTestExecutionListener, org.springframework.security.test.context.support.ReactorContextTestExecutionListener]
13:32:07.795 [main] INFO org.springframework.boot.test.context.SpringBootTestContextBootstrapper - Using TestExecutionListeners: [org.springframework.test.context.web.ServletTestExecutionListener@4562e04d, org.springframework.test.context.support.DirtiesContextBeforeModesTestExecutionListener@2a65fe7c, org.springframework.boot.test.mock.mockito.MockitoTestExecutionListener@4135c3b, org.springframework.boot.test.autoconfigure.SpringBootDependencyInjectionTestExecutionListener@6302bbb1, org.springframework.test.context.support.DirtiesContextTestExecutionListener@31304f14, org.springframework.test.context.transaction.TransactionalTestExecutionListener@34a3d150, org.springframework.test.context.jdbc.SqlScriptsTestExecutionListener@2a4fb17b, org.springframework.security.test.context.support.WithSecurityContextTestExecutionListener@5c6648b0, org.springframework.security.test.context.support.ReactorContextTestExecutionListener@6f1de4c7, org.springframework.boot.test.mock.mockito.ResetMocksTestExecutionListener@459e9125, org.springframework.boot.test.autoconfigure.restdocs.RestDocsTestExecutionListener@128d2484, org.springframework.boot.test.autoconfigure.web.client.MockRestServiceServerResetTestExecutionListener@7cc0cdad, org.springframework.boot.test.autoconfigure.web.servlet.MockMvcPrintOnlyOnFailureTestExecutionListener@7c7b252e, org.springframework.boot.test.autoconfigure.web.servlet.WebDriverTestExecutionListener@4d5d943d]
13:32:07.796 [main] DEBUG org.springframework.test.annotation.ProfileValueUtils - Retrieved @ProfileValueSourceConfiguration [null] for test class [com.example.demo.SareetaApplicationTests]
13:32:07.796 [main] DEBUG org.springframework.test.annotation.ProfileValueUtils - Retrieved ProfileValueSource type [class org.springframework.test.annotation.SystemProfileValueSource] for class [com.example.demo.SareetaApplicationTests]
13:32:07.797 [main] DEBUG org.springframework.test.annotation.ProfileValueUtils - Retrieved @ProfileValueSourceConfiguration [null] for test class [com.example.demo.SareetaApplicationTests]
13:32:07.798 [main] DEBUG org.springframework.test.annotation.ProfileValueUtils - Retrieved ProfileValueSource type [class org.springframework.test.annotation.SystemProfileValueSource] for class [com.example.demo.SareetaApplicationTests]
13:32:07.798 [main] DEBUG org.springframework.test.annotation.ProfileValueUtils - Retrieved @ProfileValueSourceConfiguration [null] for test class [com.example.demo.SareetaApplicationTests]
13:32:07.798 [main] DEBUG org.springframework.test.annotation.ProfileValueUtils - Retrieved ProfileValueSource type [class org.springframework.test.annotation.SystemProfileValueSource] for class [com.example.demo.SareetaApplicationTests]
13:32:07.801 [main] DEBUG org.springframework.test.context.support.AbstractDirtiesContextTestExecutionListener - Before test class: context [DefaultTestContext@618b19ad testClass = SareetaApplicationTests, testInstance = [null], testMethod = [null], testException = [null], mergedContextConfiguration = [WebMergedContextConfiguration@2d3379b4 testClass = SareetaApplicationTests, locations = '{}', classes = '{class com.example.demo.SareetaApplication}', contextInitializerClasses = '[]', activeProfiles = '{}', propertySourceLocations = '{}', propertySourceProperties = '{org.springframework.boot.test.context.SpringBootTestContextBootstrapper=true}', contextCustomizers = set[org.springframework.boot.test.context.filter.ExcludeFilterContextCustomizer@59906517, org.springframework.boot.test.json.DuplicateJsonObjectContextCustomizerFactory$DuplicateJsonObjectContextCustomizer@12cdcf4, org.springframework.boot.test.mock.mockito.MockitoContextCustomizer@0, org.springframework.boot.test.web.client.TestRestTemplateContextCustomizer@11758f2a, org.springframework.boot.test.autoconfigure.properties.PropertyMappingContextCustomizer@0, org.springframework.boot.test.autoconfigure.web.servlet.WebDriverContextCustomizerFactory$Customizer@5891e32e], resourceBasePath = 'src/main/webapp', contextLoader = 'org.springframework.boot.test.context.SpringBootContextLoader', parent = [null]], attributes = map['org.springframework.test.context.web.ServletTestExecutionListener.activateListener' -> true]], class annotated with @DirtiesContext [false] with mode [null].
13:32:07.802 [main] DEBUG org.springframework.test.annotation.ProfileValueUtils - Retrieved @ProfileValueSourceConfiguration [null] for test class [com.example.demo.SareetaApplicationTests]
13:32:07.802 [main] DEBUG org.springframework.test.annotation.ProfileValueUtils - Retrieved ProfileValueSource type [class org.springframework.test.annotation.SystemProfileValueSource] for class [com.example.demo.SareetaApplicationTests]
13:32:07.828 [main] DEBUG org.springframework.test.context.support.TestPropertySourceUtils - Adding inlined properties to environment: {spring.jmx.enabled=false, org.springframework.boot.test.context.SpringBootTestContextBootstrapper=true, server.port=-1}

  .   ____          _            __ _ _
 /\\ / ___'_ __ _ _(_)_ __  __ _ \ \ \ \
( ( )\___ | '_ | '_| | '_ \/ _` | \ \ \ \
 \\/  ___)| |_)| | | | | || (_| |  ) ) ) )
  '  |____| .__|_| |_|_| |_\__, | / / / /
 =========|_|==============|___/=/_/_/_/
 :: Spring Boot ::        (v2.1.5.RELEASE)

2021-09-10 13:32:23.085  INFO 65798 --- [           main] c.example.demo.SareetaApplicationTests   : Starting SareetaApplicationTests on Houssems-MacBook-Pro.local with PID 65798 (started by houssemzaier in /Users/houssemzaier/.jenkins/workspace/projetct_eCommerce/starter_code)
2021-09-10 13:32:23.089  INFO 65798 --- [           main] c.example.demo.SareetaApplicationTests   : No active profile set, falling back to default profiles: default
2021-09-10 13:32:23.526  INFO 65798 --- [           main] .s.d.r.c.RepositoryConfigurationDelegate : Bootstrapping Spring Data repositories in DEFAULT mode.
2021-09-10 13:32:23.602  INFO 65798 --- [           main] .s.d.r.c.RepositoryConfigurationDelegate : Finished Spring Data repository scanning in 64ms. Found 4 repository interfaces.
2021-09-10 13:32:24.116  INFO 65798 --- [           main] trationDelegate$BeanPostProcessorChecker : Bean 'org.springframework.transaction.annotation.ProxyTransactionManagementConfiguration' of type [org.springframework.transaction.annotation.ProxyTransactionManagementConfiguration$$EnhancerBySpringCGLIB$$6994fa37] is not eligible for getting processed by all BeanPostProcessors (for example: not eligible for auto-proxying)
2021-09-10 13:32:24.319  INFO 65798 --- [           main] com.zaxxer.hikari.HikariDataSource       : HikariPool-1 - Starting...
2021-09-10 13:32:24.567  INFO 65798 --- [           main] com.zaxxer.hikari.HikariDataSource       : HikariPool-1 - Start completed.
2021-09-10 13:32:24.639  INFO 65798 --- [           main] o.hibernate.jpa.internal.util.LogHelper  : HHH000204: Processing PersistenceUnitInfo [
	name: default
	...]
2021-09-10 13:32:24.716  INFO 65798 --- [           main] org.hibernate.Version                    : HHH000412: Hibernate Core {5.3.10.Final}
2021-09-10 13:32:24.718  INFO 65798 --- [           main] org.hibernate.cfg.Environment            : HHH000206: hibernate.properties not found
2021-09-10 13:32:24.866  INFO 65798 --- [           main] o.hibernate.annotations.common.Version   : HCANN000001: Hibernate Commons Annotations {5.0.4.Final}
2021-09-10 13:32:25.001  INFO 65798 --- [           main] org.hibernate.dialect.Dialect            : HHH000400: Using dialect: org.hibernate.dialect.H2Dialect
2021-09-10 13:32:25.813  INFO 65798 --- [           main] j.LocalContainerEntityManagerFactoryBean : Initialized JPA EntityManagerFactory for persistence unit 'default'
2021-09-10 13:32:26.642  WARN 65798 --- [           main] aWebConfiguration$JpaWebMvcConfiguration : spring.jpa.open-in-view is enabled by default. Therefore, database queries may be performed during view rendering. Explicitly configure spring.jpa.open-in-view to disable this warning
2021-09-10 13:32:26.764  INFO 65798 --- [           main] o.s.s.web.DefaultSecurityFilterChain     : Creating filter chain: any request, [org.springframework.security.web.context.request.async.WebAsyncManagerIntegrationFilter@25cde5bb, org.springframework.security.web.context.SecurityContextPersistenceFilter@4d20616a, org.springframework.security.web.header.HeaderWriterFilter@4ced17f3, org.springframework.web.filter.CorsFilter@38a96593, org.springframework.security.web.authentication.logout.LogoutFilter@76af34b5, com.example.demo.security.JWTAuthenticationFilter@5df64b2a, com.example.demo.security.JWTAuthenticationVerficationFilter@7afb9c93, org.springframework.security.web.savedrequest.RequestCacheAwareFilter@7c4d1c7b, org.springframework.security.web.servletapi.SecurityContextHolderAwareRequestFilter@1da75dde, org.springframework.security.web.authentication.AnonymousAuthenticationFilter@30d15e4a, org.springframework.security.web.session.SessionManagementFilter@6ce9771c, org.springframework.security.web.access.ExceptionTranslationFilter@40f9f60d, org.springframework.security.web.access.intercept.FilterSecurityInterceptor@4ecd8ab1]
2021-09-10 13:32:27.250  INFO 65798 --- [           main] o.s.s.concurrent.ThreadPoolTaskExecutor  : Initializing ExecutorService 'applicationTaskExecutor'
2021-09-10 13:32:27.535  INFO 65798 --- [           main] c.example.demo.SareetaApplicationTests   : Started SareetaApplicationTests in 19.696 seconds (JVM running for 20.493)
[INFO] Tests run: 1, Failures: 0, Errors: 0, Skipped: 0, Time elapsed: 20.326 s - in com.example.demo.SareetaApplicationTests
[INFO] Running com.example.demo.controllers.UserControllerTest
2021-09-10 13:32:27.605  INFO 65798 --- [           main] .b.t.c.SpringBootTestContextBootstrapper : Neither @ContextConfiguration nor @ContextHierarchy found for test class [com.example.demo.controllers.UserControllerTest], using SpringBootContextLoader
2021-09-10 13:32:27.606  INFO 65798 --- [           main] o.s.t.c.support.AbstractContextLoader    : Could not detect default resource locations for test class [com.example.demo.controllers.UserControllerTest]: no resource found for suffixes {-context.xml, Context.groovy}.
2021-09-10 13:32:27.606  INFO 65798 --- [           main] t.c.s.AnnotationConfigContextLoaderUtils : Could not detect default configuration classes for test class [com.example.demo.controllers.UserControllerTest]: UserControllerTest does not declare any static, non-private, non-final, nested classes annotated with @Configuration.
2021-09-10 13:32:27.617  INFO 65798 --- [           main] .b.t.c.SpringBootTestContextBootstrapper : Found @SpringBootConfiguration com.example.demo.SareetaApplication for test class com.example.demo.controllers.UserControllerTest
2021-09-10 13:32:27.618  INFO 65798 --- [           main] .b.t.c.SpringBootTestContextBootstrapper : Loaded default TestExecutionListener class names from location [META-INF/spring.factories]: [org.springframework.boot.test.mock.mockito.MockitoTestExecutionListener, org.springframework.boot.test.mock.mockito.ResetMocksTestExecutionListener, org.springframework.boot.test.autoconfigure.restdocs.RestDocsTestExecutionListener, org.springframework.boot.test.autoconfigure.web.client.MockRestServiceServerResetTestExecutionListener, org.springframework.boot.test.autoconfigure.web.servlet.MockMvcPrintOnlyOnFailureTestExecutionListener, org.springframework.boot.test.autoconfigure.web.servlet.WebDriverTestExecutionListener, org.springframework.test.context.web.ServletTestExecutionListener, org.springframework.test.context.support.DirtiesContextBeforeModesTestExecutionListener, org.springframework.test.context.support.DependencyInjectionTestExecutionListener, org.springframework.test.context.support.DirtiesContextTestExecutionListener, org.springframework.test.context.transaction.TransactionalTestExecutionListener, org.springframework.test.context.jdbc.SqlScriptsTestExecutionListener, org.springframework.security.test.context.support.WithSecurityContextTestExecutionListener, org.springframework.security.test.context.support.ReactorContextTestExecutionListener]
2021-09-10 13:32:27.619  INFO 65798 --- [           main] .b.t.c.SpringBootTestContextBootstrapper : Using TestExecutionListeners: [org.springframework.test.context.web.ServletTestExecutionListener@2beee3e8, org.springframework.test.context.support.DirtiesContextBeforeModesTestExecutionListener@732d078d, org.springframework.boot.test.mock.mockito.MockitoTestExecutionListener@58bad46f, org.springframework.boot.test.autoconfigure.SpringBootDependencyInjectionTestExecutionListener@7c0e4e4e, org.springframework.test.context.support.DirtiesContextTestExecutionListener@20231384, org.springframework.test.context.transaction.TransactionalTestExecutionListener@3ba97962, org.springframework.test.context.jdbc.SqlScriptsTestExecutionListener@35becbd4, org.springframework.security.test.context.support.WithSecurityContextTestExecutionListener@3bcc8f13, org.springframework.security.test.context.support.ReactorContextTestExecutionListener@3cb04dd, org.springframework.boot.test.mock.mockito.ResetMocksTestExecutionListener@73d91faf, org.springframework.boot.test.autoconfigure.restdocs.RestDocsTestExecutionListener@30fa8a6b, org.springframework.boot.test.autoconfigure.web.client.MockRestServiceServerResetTestExecutionListener@6f112f70, org.springframework.boot.test.autoconfigure.web.servlet.MockMvcPrintOnlyOnFailureTestExecutionListener@342723a3, org.springframework.boot.test.autoconfigure.web.servlet.WebDriverTestExecutionListener@f3876ef]
2021-09-10 13:32:27.797  INFO 65798 --- [           main] c.e.demo.controllers.UserController      :  USER : Success request create usertest
[INFO] Tests run: 3, Failures: 0, Errors: 0, Skipped: 0, Time elapsed: 0.171 s - in com.example.demo.controllers.UserControllerTest
[INFO] Running com.example.demo.controllers.ItemControllerTest
2021-09-10 13:32:27.803  INFO 65798 --- [           main] .b.t.c.SpringBootTestContextBootstrapper : Neither @ContextConfiguration nor @ContextHierarchy found for test class [com.example.demo.controllers.ItemControllerTest], using SpringBootContextLoader
2021-09-10 13:32:27.803  INFO 65798 --- [           main] o.s.t.c.support.AbstractContextLoader    : Could not detect default resource locations for test class [com.example.demo.controllers.ItemControllerTest]: no resource found for suffixes {-context.xml, Context.groovy}.
2021-09-10 13:32:27.803  INFO 65798 --- [           main] t.c.s.AnnotationConfigContextLoaderUtils : Could not detect default configuration classes for test class [com.example.demo.controllers.ItemControllerTest]: ItemControllerTest does not declare any static, non-private, non-final, nested classes annotated with @Configuration.
2021-09-10 13:32:27.805  INFO 65798 --- [           main] .b.t.c.SpringBootTestContextBootstrapper : Found @SpringBootConfiguration com.example.demo.SareetaApplication for test class com.example.demo.controllers.ItemControllerTest
2021-09-10 13:32:27.806  INFO 65798 --- [           main] .b.t.c.SpringBootTestContextBootstrapper : Loaded default TestExecutionListener class names from location [META-INF/spring.factories]: [org.springframework.boot.test.mock.mockito.MockitoTestExecutionListener, org.springframework.boot.test.mock.mockito.ResetMocksTestExecutionListener, org.springframework.boot.test.autoconfigure.restdocs.RestDocsTestExecutionListener, org.springframework.boot.test.autoconfigure.web.client.MockRestServiceServerResetTestExecutionListener, org.springframework.boot.test.autoconfigure.web.servlet.MockMvcPrintOnlyOnFailureTestExecutionListener, org.springframework.boot.test.autoconfigure.web.servlet.WebDriverTestExecutionListener, org.springframework.test.context.web.ServletTestExecutionListener, org.springframework.test.context.support.DirtiesContextBeforeModesTestExecutionListener, org.springframework.test.context.support.DependencyInjectionTestExecutionListener, org.springframework.test.context.support.DirtiesContextTestExecutionListener, org.springframework.test.context.transaction.TransactionalTestExecutionListener, org.springframework.test.context.jdbc.SqlScriptsTestExecutionListener, org.springframework.security.test.context.support.WithSecurityContextTestExecutionListener, org.springframework.security.test.context.support.ReactorContextTestExecutionListener]
2021-09-10 13:32:27.807  INFO 65798 --- [           main] .b.t.c.SpringBootTestContextBootstrapper : Using TestExecutionListeners: [org.springframework.test.context.web.ServletTestExecutionListener@1b632442, org.springframework.test.context.support.DirtiesContextBeforeModesTestExecutionListener@7227926b, org.springframework.boot.test.mock.mockito.MockitoTestExecutionListener@2f75a9b1, org.springframework.boot.test.autoconfigure.SpringBootDependencyInjectionTestExecutionListener@556aed22, org.springframework.test.context.support.DirtiesContextTestExecutionListener@57a982f9, org.springframework.test.context.transaction.TransactionalTestExecutionListener@19d3f6ad, org.springframework.test.context.jdbc.SqlScriptsTestExecutionListener@1b69fc07, org.springframework.security.test.context.support.WithSecurityContextTestExecutionListener@19e801b5, org.springframework.security.test.context.support.ReactorContextTestExecutionListener@24de63b, org.springframework.boot.test.mock.mockito.ResetMocksTestExecutionListener@42d0e41, org.springframework.boot.test.autoconfigure.restdocs.RestDocsTestExecutionListener@50f05307, org.springframework.boot.test.autoconfigure.web.client.MockRestServiceServerResetTestExecutionListener@9cc0505, org.springframework.boot.test.autoconfigure.web.servlet.MockMvcPrintOnlyOnFailureTestExecutionListener@645d4639, org.springframework.boot.test.autoconfigure.web.servlet.WebDriverTestExecutionListener@8ee03f5]
[INFO] Tests run: 5, Failures: 0, Errors: 0, Skipped: 0, Time elapsed: 0.044 s - in com.example.demo.controllers.ItemControllerTest
[INFO] Running com.example.demo.controllers.CartControllerTest
2021-09-10 13:32:27.851  INFO 65798 --- [           main] .b.t.c.SpringBootTestContextBootstrapper : Neither @ContextConfiguration nor @ContextHierarchy found for test class [com.example.demo.controllers.CartControllerTest], using SpringBootContextLoader
2021-09-10 13:32:27.852  INFO 65798 --- [           main] o.s.t.c.support.AbstractContextLoader    : Could not detect default resource locations for test class [com.example.demo.controllers.CartControllerTest]: no resource found for suffixes {-context.xml, Context.groovy}.
2021-09-10 13:32:27.852  INFO 65798 --- [           main] t.c.s.AnnotationConfigContextLoaderUtils : Could not detect default configuration classes for test class [com.example.demo.controllers.CartControllerTest]: CartControllerTest does not declare any static, non-private, non-final, nested classes annotated with @Configuration.
2021-09-10 13:32:27.853  INFO 65798 --- [           main] .b.t.c.SpringBootTestContextBootstrapper : Found @SpringBootConfiguration com.example.demo.SareetaApplication for test class com.example.demo.controllers.CartControllerTest
2021-09-10 13:32:27.856  INFO 65798 --- [           main] .b.t.c.SpringBootTestContextBootstrapper : Loaded default TestExecutionListener class names from location [META-INF/spring.factories]: [org.springframework.boot.test.mock.mockito.MockitoTestExecutionListener, org.springframework.boot.test.mock.mockito.ResetMocksTestExecutionListener, org.springframework.boot.test.autoconfigure.restdocs.RestDocsTestExecutionListener, org.springframework.boot.test.autoconfigure.web.client.MockRestServiceServerResetTestExecutionListener, org.springframework.boot.test.autoconfigure.web.servlet.MockMvcPrintOnlyOnFailureTestExecutionListener, org.springframework.boot.test.autoconfigure.web.servlet.WebDriverTestExecutionListener, org.springframework.test.context.web.ServletTestExecutionListener, org.springframework.test.context.support.DirtiesContextBeforeModesTestExecutionListener, org.springframework.test.context.support.DependencyInjectionTestExecutionListener, org.springframework.test.context.support.DirtiesContextTestExecutionListener, org.springframework.test.context.transaction.TransactionalTestExecutionListener, org.springframework.test.context.jdbc.SqlScriptsTestExecutionListener, org.springframework.security.test.context.support.WithSecurityContextTestExecutionListener, org.springframework.security.test.context.support.ReactorContextTestExecutionListener]
2021-09-10 13:32:27.856  INFO 65798 --- [           main] .b.t.c.SpringBootTestContextBootstrapper : Using TestExecutionListeners: [org.springframework.test.context.web.ServletTestExecutionListener@4e51eda7, org.springframework.test.context.support.DirtiesContextBeforeModesTestExecutionListener@2862271a, org.springframework.boot.test.mock.mockito.MockitoTestExecutionListener@2419fe6f, org.springframework.boot.test.autoconfigure.SpringBootDependencyInjectionTestExecutionListener@78fb72cb, org.springframework.test.context.support.DirtiesContextTestExecutionListener@398694a6, org.springframework.test.context.transaction.TransactionalTestExecutionListener@653e7b, org.springframework.test.context.jdbc.SqlScriptsTestExecutionListener@6b64429e, org.springframework.security.test.context.support.WithSecurityContextTestExecutionListener@48aa0813, org.springframework.security.test.context.support.ReactorContextTestExecutionListener@45849604, org.springframework.boot.test.mock.mockito.ResetMocksTestExecutionListener@6cbbfe29, org.springframework.boot.test.autoconfigure.restdocs.RestDocsTestExecutionListener@25823192, org.springframework.boot.test.autoconfigure.web.client.MockRestServiceServerResetTestExecutionListener@3df04fa1, org.springframework.boot.test.autoconfigure.web.servlet.MockMvcPrintOnlyOnFailureTestExecutionListener@5c25daad, org.springframework.boot.test.autoconfigure.web.servlet.WebDriverTestExecutionListener@6fdc2db6]
2021-09-10 13:32:27.861  INFO 65798 --- [           main] c.e.demo.controllers.CartController      : CART:Attempting to remove item with id 0 from cart
2021-09-10 13:32:27.861  INFO 65798 --- [           main] c.e.demo.controllers.CartController      : CART:Attempting to remove item with id 1 from cart
2021-09-10 13:32:27.861  INFO 65798 --- [           main] c.e.demo.controllers.CartController      : CART:Attempting to remove item with id 2 from cart
2021-09-10 13:32:27.862  INFO 65798 --- [           main] c.e.demo.controllers.CartController      : CART:Attempting to remove item with id 3 from cart
2021-09-10 13:32:27.862  INFO 65798 --- [           main] c.e.demo.controllers.CartController      : CART:Attempting to remove item with id 4 from cart
2021-09-10 13:32:27.862  INFO 65798 --- [           main] c.e.demo.controllers.CartController      : CART:All items successfully removed from Cart
2021-09-10 13:32:27.865  INFO 65798 --- [           main] c.e.demo.controllers.CartController      : CART:Attempting to add item with id 0 to Cart
2021-09-10 13:32:27.865  INFO 65798 --- [           main] c.e.demo.controllers.CartController      : CART:Attempting to add item with id 1 to Cart
2021-09-10 13:32:27.866  INFO 65798 --- [           main] c.e.demo.controllers.CartController      : CART:Attempting to add item with id 2 to Cart
2021-09-10 13:32:27.866  INFO 65798 --- [           main] c.e.demo.controllers.CartController      : CART:Attempting to add item with id 3 to Cart
2021-09-10 13:32:27.866  INFO 65798 --- [           main] c.e.demo.controllers.CartController      : CART:Attempting to add item with id 4 to Cart
2021-09-10 13:32:27.866  INFO 65798 --- [           main] c.e.demo.controllers.CartController      : CART:All items successfully added from Cart
[INFO] Tests run: 3, Failures: 0, Errors: 0, Skipped: 0, Time elapsed: 0.015 s - in com.example.demo.controllers.CartControllerTest
[INFO] Running com.example.demo.controllers.OrderControllerTest
2021-09-10 13:32:27.871  INFO 65798 --- [           main] .b.t.c.SpringBootTestContextBootstrapper : Neither @ContextConfiguration nor @ContextHierarchy found for test class [com.example.demo.controllers.OrderControllerTest], using SpringBootContextLoader
2021-09-10 13:32:27.872  INFO 65798 --- [           main] o.s.t.c.support.AbstractContextLoader    : Could not detect default resource locations for test class [com.example.demo.controllers.OrderControllerTest]: no resource found for suffixes {-context.xml, Context.groovy}.
2021-09-10 13:32:27.872  INFO 65798 --- [           main] t.c.s.AnnotationConfigContextLoaderUtils : Could not detect default configuration classes for test class [com.example.demo.controllers.OrderControllerTest]: OrderControllerTest does not declare any static, non-private, non-final, nested classes annotated with @Configuration.
2021-09-10 13:32:27.873  INFO 65798 --- [           main] .b.t.c.SpringBootTestContextBootstrapper : Found @SpringBootConfiguration com.example.demo.SareetaApplication for test class com.example.demo.controllers.OrderControllerTest
2021-09-10 13:32:27.875  INFO 65798 --- [           main] .b.t.c.SpringBootTestContextBootstrapper : Loaded default TestExecutionListener class names from location [META-INF/spring.factories]: [org.springframework.boot.test.mock.mockito.MockitoTestExecutionListener, org.springframework.boot.test.mock.mockito.ResetMocksTestExecutionListener, org.springframework.boot.test.autoconfigure.restdocs.RestDocsTestExecutionListener, org.springframework.boot.test.autoconfigure.web.client.MockRestServiceServerResetTestExecutionListener, org.springframework.boot.test.autoconfigure.web.servlet.MockMvcPrintOnlyOnFailureTestExecutionListener, org.springframework.boot.test.autoconfigure.web.servlet.WebDriverTestExecutionListener, org.springframework.test.context.web.ServletTestExecutionListener, org.springframework.test.context.support.DirtiesContextBeforeModesTestExecutionListener, org.springframework.test.context.support.DependencyInjectionTestExecutionListener, org.springframework.test.context.support.DirtiesContextTestExecutionListener, org.springframework.test.context.transaction.TransactionalTestExecutionListener, org.springframework.test.context.jdbc.SqlScriptsTestExecutionListener, org.springframework.security.test.context.support.WithSecurityContextTestExecutionListener, org.springframework.security.test.context.support.ReactorContextTestExecutionListener]
2021-09-10 13:32:27.876  INFO 65798 --- [           main] .b.t.c.SpringBootTestContextBootstrapper : Using TestExecutionListeners: [org.springframework.test.context.web.ServletTestExecutionListener@779b4f9c, org.springframework.test.context.support.DirtiesContextBeforeModesTestExecutionListener@31fe0ce5, org.springframework.boot.test.mock.mockito.MockitoTestExecutionListener@178dc733, org.springframework.boot.test.autoconfigure.SpringBootDependencyInjectionTestExecutionListener@4641f66c, org.springframework.test.context.support.DirtiesContextTestExecutionListener@6b0ba697, org.springframework.test.context.transaction.TransactionalTestExecutionListener@2a531637, org.springframework.test.context.jdbc.SqlScriptsTestExecutionListener@539ee811, org.springframework.security.test.context.support.WithSecurityContextTestExecutionListener@1aa59698, org.springframework.security.test.context.support.ReactorContextTestExecutionListener@2cacb445, org.springframework.boot.test.mock.mockito.ResetMocksTestExecutionListener@1e7cfd49, org.springframework.boot.test.autoconfigure.restdocs.RestDocsTestExecutionListener@3a8640f7, org.springframework.boot.test.autoconfigure.web.client.MockRestServiceServerResetTestExecutionListener@ca10069, org.springframework.boot.test.autoconfigure.web.servlet.MockMvcPrintOnlyOnFailureTestExecutionListener@45e69324, org.springframework.boot.test.autoconfigure.web.servlet.WebDriverTestExecutionListener@3c89b864]
2021-09-10 13:32:27.906  INFO 65798 --- [           main] c.e.demo.controllers.OrderController     : ORDER : Order for useruser_1 Success submit order request 
2021-09-10 13:32:27.909  INFO 65798 --- [           main] c.e.demo.controllers.OrderController     : ORDER:Order history for user user_1 successfully retrieved
[INFO] Tests run: 2, Failures: 0, Errors: 0, Skipped: 0, Time elapsed: 0.035 s - in com.example.demo.controllers.OrderControllerTest
2021-09-10 13:32:27.919  INFO 65798 --- [       Thread-3] o.s.s.concurrent.ThreadPoolTaskExecutor  : Shutting down ExecutorService 'applicationTaskExecutor'
2021-09-10 13:32:27.921  INFO 65798 --- [       Thread-3] j.LocalContainerEntityManagerFactoryBean : Closing JPA EntityManagerFactory for persistence unit 'default'
2021-09-10 13:32:27.924  INFO 65798 --- [       Thread-3] com.zaxxer.hikari.HikariDataSource       : HikariPool-1 - Shutdown initiated...
2021-09-10 13:32:27.927  INFO 65798 --- [       Thread-3] com.zaxxer.hikari.HikariDataSource       : HikariPool-1 - Shutdown completed.
[INFO] 
[INFO] Results:
[INFO] 
[INFO] Tests run: 14, Failures: 0, Errors: 0, Skipped: 0
[INFO] 
[INFO] 
[INFO] --- maven-war-plugin:3.2.2:war (default-war) @ auth-course ---
[INFO] Packaging webapp
[INFO] Assembling webapp [auth-course] in [/Users/houssemzaier/.jenkins/workspace/projetct_eCommerce/starter_code/target/auth-course-0.0.1-SNAPSHOT]
[INFO] Processing war project
[INFO] Webapp assembled in [326 msecs]
[INFO] Building war: /Users/houssemzaier/.jenkins/workspace/projetct_eCommerce/starter_code/target/auth-course-0.0.1-SNAPSHOT.war
[INFO] 
[INFO] --- spring-boot-maven-plugin:2.1.5.RELEASE:repackage (repackage) @ auth-course ---
[INFO] Replacing main artifact with repackaged archive
[INFO] 
[INFO] --- maven-install-plugin:2.5.2:install (default-install) @ auth-course ---
[INFO] Installing /Users/houssemzaier/.jenkins/workspace/projetct_eCommerce/starter_code/target/auth-course-0.0.1-SNAPSHOT.war to /Users/houssemzaier/.m2/repository/com/example/auth-course/0.0.1-SNAPSHOT/auth-course-0.0.1-SNAPSHOT.war
[INFO] Installing /Users/houssemzaier/.jenkins/workspace/projetct_eCommerce/starter_code/pom.xml to /Users/houssemzaier/.m2/repository/com/example/auth-course/0.0.1-SNAPSHOT/auth-course-0.0.1-SNAPSHOT.pom
[INFO] ------------------------------------------------------------------------
[INFO] BUILD SUCCESS
[INFO] ------------------------------------------------------------------------
[INFO] Total time:  31.392 s
[INFO] Finished at: 2021-09-10T13:32:30+02:00
[INFO] ------------------------------------------------------------------------